=== IMPORT START: 2025-11-25 13:31:33 ===
File: uploads/pdd pagos.pdf
Total Text Length: 2249
First 500 chars:
aNDO: CR0117CR0117Unimed Maranhao do Sul - Coop. de Trabalho Medico
aTítulo:
RELATÓRIO ANALÍTICO	Entrada: 09/10/2025 31/12/2999a
Vencimento: 01/01/1900 31/12/2999aDE CONTAS A RECEBER POR NDO
Lançamento: 01/01/1900 31/12/2999a
Recebimento: 01/01/1900 31/12/2999aPirâmide
VENC.CNPJ/CPFCLIENTE SIT. VALOR TIT. VALORTÍTULO CÓDIGO
CR-REVERSAO PERDA CREDITO PLANO PF - APOS 180 DCR0117
Armando De Souza Costa 628.719.433-20 1 21,47	22/10/2025F0065524 21,474875753-PDD
Armando De Souza Costa 628.719.

FAILED MATCH: Armando De Souza Costa 628.719.433-20 1 21,47	22/10/2025F0065524 21,474875753-PDD
FAILED MATCH: Armando De Souza Costa 628.719.433-20 1 487,62	22/10/2025F0065524 487,624894642-PDD
FAILED MATCH: Armando De Souza Costa 628.719.433-20 1 172,02	22/10/2025F0065524 172,024915067-PDD
FAILED MATCH: Cleudes Rosa Silva 925.468.033-87 1 197,30	27/10/2025F0042294 197,304924908-PDD
FAILED MATCH: Cleudes Rosa Silva 925.468.033-87 1 197,30	27/10/2025F0042294 197,304940833-PDD
FAILED MATCH: Dyhego Anderson Viana Nogueira Santana 025.948.143-26 1 365,23 27/10/2025F0069318 365,235106690-PDD
FAILED MATCH: Dyhego Anderson Viana Nogueira Santana 025.948.143-26 1 18,90 27/10/2025F0069318 18,905142802-PDD
FAILED MATCH: Henrique Jordao Rosa Cruz 668.717.863-68 1 502,39	09/10/2025F0066932 502,394960351-PDD
FAILED MATCH: Henrique Jordao Rosa Cruz 668.717.863-68 1 502,39	09/10/2025F0066932 502,394980493-PDD
FAILED MATCH: Jaciara Holanda Teixeira 466.959.583-00 1 384,72	28/10/2025F0040742 384,724778741-PDD
FAILED MATCH: Jaciara Holanda Teixeira 466.959.583-00 1 378,46	28/10/2025F0040742 378,464796878-PDD
FAILED MATCH: Juliana Vitoria Dos Santos Barros 609.653.823-11 1 135,07	13/10/2025F0070145 135,074666597-PDD
FAILED MATCH: Juliana Vitoria Dos Santos Barros 609.653.823-11 1 156,01	13/10/2025F0070145 156,014681678-PDD
FAILED MATCH: Luciane De Oliveira Sousa 018.055.013-64 1 241,67	17/10/2025F0064655 241,674645613-PDD
FAILED MATCH: Luciane De Oliveira Sousa 018.055.013-64 1 415,73	17/10/2025F0068518 415,734646278-PDD
FAILED MATCH: Luciane De Oliveira Sousa 018.055.013-64 1 241,67	17/10/2025F0064655 241,674661554-PDD
FAILED MATCH: Luciane De Oliveira Sousa 018.055.013-64 1 379,73	17/10/2025F0068518 379,734662209-PDD
FAILED MATCH: Rafael Gomes Rodrigues 615.020.383-23 1 178,29	28/10/2025F0069450 178,294461174-PDD
FAILED MATCH: Zulmira Holanda Teixeira 027.703.511-25 1 420,85	28/10/2025F0059849 420,854751251-PDD
FAILED MATCH: Zulmira Holanda Teixeira 027.703.511-25 1 420,85	28/10/2025F0059849 420,854783364-PDD
Total Matches: 0
=== IMPORT START: 2025-11-25 13:34:38 ===
File: uploads/pdd pagos.pdf
Total Text Length: 2249
First 500 chars:
aNDO: CR0117CR0117Unimed Maranhao do Sul - Coop. de Trabalho Medico
aTítulo:
RELATÓRIO ANALÍTICO	Entrada: 09/10/2025 31/12/2999a
Vencimento: 01/01/1900 31/12/2999aDE CONTAS A RECEBER POR NDO
Lançamento: 01/01/1900 31/12/2999a
Recebimento: 01/01/1900 31/12/2999aPirâmide
VENC.CNPJ/CPFCLIENTE SIT. VALOR TIT. VALORTÍTULO CÓDIGO
CR-REVERSAO PERDA CREDITO PLANO PF - APOS 180 DCR0117
Armando De Souza Costa 628.719.433-20 1 21,47	22/10/2025F0065524 21,474875753-PDD
Armando De Souza Costa 628.719.

FAILED MATCH: Armando De Souza Costa 628.719.433-20 1 21,47	22/10/2025F0065524 21,474875753-PDD
FAILED MATCH: Armando De Souza Costa 628.719.433-20 1 487,62	22/10/2025F0065524 487,624894642-PDD
FAILED MATCH: Armando De Souza Costa 628.719.433-20 1 172,02	22/10/2025F0065524 172,024915067-PDD
FAILED MATCH: Cleudes Rosa Silva 925.468.033-87 1 197,30	27/10/2025F0042294 197,304924908-PDD
FAILED MATCH: Cleudes Rosa Silva 925.468.033-87 1 197,30	27/10/2025F0042294 197,304940833-PDD
FAILED MATCH: Dyhego Anderson Viana Nogueira Santana 025.948.143-26 1 365,23 27/10/2025F0069318 365,235106690-PDD
FAILED MATCH: Dyhego Anderson Viana Nogueira Santana 025.948.143-26 1 18,90 27/10/2025F0069318 18,905142802-PDD
FAILED MATCH: Henrique Jordao Rosa Cruz 668.717.863-68 1 502,39	09/10/2025F0066932 502,394960351-PDD
FAILED MATCH: Henrique Jordao Rosa Cruz 668.717.863-68 1 502,39	09/10/2025F0066932 502,394980493-PDD
FAILED MATCH: Jaciara Holanda Teixeira 466.959.583-00 1 384,72	28/10/2025F0040742 384,724778741-PDD
FAILED MATCH: Jaciara Holanda Teixeira 466.959.583-00 1 378,46	28/10/2025F0040742 378,464796878-PDD
FAILED MATCH: Juliana Vitoria Dos Santos Barros 609.653.823-11 1 135,07	13/10/2025F0070145 135,074666597-PDD
FAILED MATCH: Juliana Vitoria Dos Santos Barros 609.653.823-11 1 156,01	13/10/2025F0070145 156,014681678-PDD
FAILED MATCH: Luciane De Oliveira Sousa 018.055.013-64 1 241,67	17/10/2025F0064655 241,674645613-PDD
FAILED MATCH: Luciane De Oliveira Sousa 018.055.013-64 1 415,73	17/10/2025F0068518 415,734646278-PDD
FAILED MATCH: Luciane De Oliveira Sousa 018.055.013-64 1 241,67	17/10/2025F0064655 241,674661554-PDD
FAILED MATCH: Luciane De Oliveira Sousa 018.055.013-64 1 379,73	17/10/2025F0068518 379,734662209-PDD
FAILED MATCH: Rafael Gomes Rodrigues 615.020.383-23 1 178,29	28/10/2025F0069450 178,294461174-PDD
FAILED MATCH: Zulmira Holanda Teixeira 027.703.511-25 1 420,85	28/10/2025F0059849 420,854751251-PDD
FAILED MATCH: Zulmira Holanda Teixeira 027.703.511-25 1 420,85	28/10/2025F0059849 420,854783364-PDD
Total Matches: 0
=== IMPORT START: 2025-11-25 13:37:45 ===
File: uploads/pdd pagos.pdf
Total Text Length: 2249
First 500 chars:
aNDO: CR0117CR0117Unimed Maranhao do Sul - Coop. de Trabalho Medico
aTítulo:
RELATÓRIO ANALÍTICO	Entrada: 09/10/2025 31/12/2999a
Vencimento: 01/01/1900 31/12/2999aDE CONTAS A RECEBER POR NDO
Lançamento: 01/01/1900 31/12/2999a
Recebimento: 01/01/1900 31/12/2999aPirâmide
VENC.CNPJ/CPFCLIENTE SIT. VALOR TIT. VALORTÍTULO CÓDIGO
CR-REVERSAO PERDA CREDITO PLANO PF - APOS 180 DCR0117
Armando De Souza Costa 628.719.433-20 1 21,47	22/10/2025F0065524 21,474875753-PDD
Armando De Souza Costa 628.719.

FAILED MATCH: Armando De Souza Costa 628.719.433-20 1 21,47	22/10/2025F0065524 21,474875753-PDD
FAILED MATCH: Armando De Souza Costa 628.719.433-20 1 487,62	22/10/2025F0065524 487,624894642-PDD
FAILED MATCH: Armando De Souza Costa 628.719.433-20 1 172,02	22/10/2025F0065524 172,024915067-PDD
FAILED MATCH: Cleudes Rosa Silva 925.468.033-87 1 197,30	27/10/2025F0042294 197,304924908-PDD
FAILED MATCH: Cleudes Rosa Silva 925.468.033-87 1 197,30	27/10/2025F0042294 197,304940833-PDD
FAILED MATCH: Dyhego Anderson Viana Nogueira Santana 025.948.143-26 1 365,23 27/10/2025F0069318 365,235106690-PDD
FAILED MATCH: Dyhego Anderson Viana Nogueira Santana 025.948.143-26 1 18,90 27/10/2025F0069318 18,905142802-PDD
FAILED MATCH: Henrique Jordao Rosa Cruz 668.717.863-68 1 502,39	09/10/2025F0066932 502,394960351-PDD
FAILED MATCH: Henrique Jordao Rosa Cruz 668.717.863-68 1 502,39	09/10/2025F0066932 502,394980493-PDD
FAILED MATCH: Jaciara Holanda Teixeira 466.959.583-00 1 384,72	28/10/2025F0040742 384,724778741-PDD
FAILED MATCH: Jaciara Holanda Teixeira 466.959.583-00 1 378,46	28/10/2025F0040742 378,464796878-PDD
FAILED MATCH: Juliana Vitoria Dos Santos Barros 609.653.823-11 1 135,07	13/10/2025F0070145 135,074666597-PDD
FAILED MATCH: Juliana Vitoria Dos Santos Barros 609.653.823-11 1 156,01	13/10/2025F0070145 156,014681678-PDD
FAILED MATCH: Luciane De Oliveira Sousa 018.055.013-64 1 241,67	17/10/2025F0064655 241,674645613-PDD
FAILED MATCH: Luciane De Oliveira Sousa 018.055.013-64 1 415,73	17/10/2025F0068518 415,734646278-PDD
FAILED MATCH: Luciane De Oliveira Sousa 018.055.013-64 1 241,67	17/10/2025F0064655 241,674661554-PDD
FAILED MATCH: Luciane De Oliveira Sousa 018.055.013-64 1 379,73	17/10/2025F0068518 379,734662209-PDD
FAILED MATCH: Rafael Gomes Rodrigues 615.020.383-23 1 178,29	28/10/2025F0069450 178,294461174-PDD
FAILED MATCH: Zulmira Holanda Teixeira 027.703.511-25 1 420,85	28/10/2025F0059849 420,854751251-PDD
FAILED MATCH: Zulmira Holanda Teixeira 027.703.511-25 1 420,85	28/10/2025F0059849 420,854783364-PDD
Total Matches: 0
=== IMPORT START: 2025-11-25 13:41:06 ===
File: uploads/pdd pagos.pdf
Total Text Length: 2249
First 500 chars:
aNDO: CR0117CR0117Unimed Maranhao do Sul - Coop. de Trabalho Medico
aTítulo:
RELATÓRIO ANALÍTICO	Entrada: 09/10/2025 31/12/2999a
Vencimento: 01/01/1900 31/12/2999aDE CONTAS A RECEBER POR NDO
Lançamento: 01/01/1900 31/12/2999a
Recebimento: 01/01/1900 31/12/2999aPirâmide
VENC.CNPJ/CPFCLIENTE SIT. VALOR TIT. VALORTÍTULO CÓDIGO
CR-REVERSAO PERDA CREDITO PLANO PF - APOS 180 DCR0117
Armando De Souza Costa 628.719.433-20 1 21,47	22/10/2025F0065524 21,474875753-PDD
Armando De Souza Costa 628.719.

Total Matches: 20
=== IMPORT START: 2025-11-25 13:48:23 ===
File: uploads/pdd pagos.pdf
Total Text Length: 2249
First 500 chars:
aNDO: CR0117CR0117Unimed Maranhao do Sul - Coop. de Trabalho Medico
aTítulo:
RELATÓRIO ANALÍTICO	Entrada: 09/10/2025 31/12/2999a
Vencimento: 01/01/1900 31/12/2999aDE CONTAS A RECEBER POR NDO
Lançamento: 01/01/1900 31/12/2999a
Recebimento: 01/01/1900 31/12/2999aPirâmide
VENC.CNPJ/CPFCLIENTE SIT. VALOR TIT. VALORTÍTULO CÓDIGO
CR-REVERSAO PERDA CREDITO PLANO PF - APOS 180 DCR0117
Armando De Souza Costa 628.719.433-20 1 21,47	22/10/2025F0065524 21,474875753-PDD
Armando De Souza Costa 628.719.

Total Matches: 20
=== IMPORT START: 2025-11-25 13:56:19 ===
File: uploads/pdd pagos.pdf
Total Text Length: 2249
First 500 chars:
aNDO: CR0117CR0117Unimed Maranhao do Sul - Coop. de Trabalho Medico
aTítulo:
RELATÓRIO ANALÍTICO	Entrada: 09/10/2025 31/12/2999a
Vencimento: 01/01/1900 31/12/2999aDE CONTAS A RECEBER POR NDO
Lançamento: 01/01/1900 31/12/2999a
Recebimento: 01/01/1900 31/12/2999aPirâmide
VENC.CNPJ/CPFCLIENTE SIT. VALOR TIT. VALORTÍTULO CÓDIGO
CR-REVERSAO PERDA CREDITO PLANO PF - APOS 180 DCR0117
Armando De Souza Costa 628.719.433-20 1 21,47	22/10/2025F0065524 21,474875753-PDD
Armando De Souza Costa 628.719.

Total Matches: 20
=== IMPORT START: 2025-11-25 19:10:36 ===
File: uploads/pdd fisica pago geral até 25-11-25.pdf
Total Text Length: 59059
First 500 chars:
aNDO: CR0117CR0117Unimed Maranhao do Sul - Coop. de Trabalho Medico
aTítulo:
RELATÓRIO ANALÍTICO	Entrada: 01/01/1900 31/12/2999a
Vencimento: 01/01/1900 31/12/2999aDE CONTAS A RECEBER POR NDO
Lançamento: 01/01/1900 31/12/2999a
Recebimento: 01/01/1900 31/12/2999aPirâmide
VENC.CNPJ/CPFCLIENTE SIT. VALOR TIT. VALORTÍTULO CÓDIGO
CR-REVERSAO PERDA CREDITO PLANO PF - APOS 180 DCR0117
Abraao Andrade Setuval Junior 625.539.763-72 1 212,44	05/09/2024F0046961 212,444842824-PDD
Adao Da Silva 006.765.

FAILED MATCH: F De O Araujo Comercio 26.530.831/0001-69 1 731,86	25/08/202500000913 731,86106597/21-PDD
FAILED MATCH: Luma Joana Brito Ribeiro De Menezes 610.710.283-32 1 502,15	21/03/2024F0069187 502,154634387- PDD
Total Matches: 624
=== IMPORT START: 2025-11-26 17:02:11 ===
File: uploads/pdd pagos PJ.pdf
Total Text Length: 8151
First 500 chars:
aNDO: CR0118CR0118Unimed Maranhao do Sul - Coop. de Trabalho Medico
aTítulo:
RELATÓRIO ANALÍTICO	Entrada: 01/01/1900 31/12/2999a
Vencimento: 01/01/1900 31/12/2999aDE CONTAS A RECEBER POR NDO
Lançamento: 01/01/1900 31/12/2999a
Recebimento: 01/01/1900 31/12/2999aPirâmide
VENC.CNPJ/CPFCLIENTE SIT. VALOR TIT. VALORTÍTULO CÓDIGO
CR-REVERSAO PERDA CREDITO PLANO PJ - APOS 180 DCR0118
Alana Oliveira Da Silva 05416705302 40.738.139/0001-51 1 222,12 22/02/202400002509 222,12162763/23-PDD
Alcabox Lt

FAILED MATCH: Alana Oliveira Da Silva 05416705302 40.738.139/0001-51 1 222,12 22/02/202400002509 222,12162763/23-PDD
FAILED MATCH: Alcabox Ltda 09.256.012/0002-37 1 1.930,39	03/12/202400002845 1.930,39213940/24-PDD
FAILED MATCH: Alcabox Ltda 09.256.012/0002-37 1 1.901,66	03/12/202400002845 1.901,66219027/24-PDD
FAILED MATCH: Alzenar Souza Da Costa 00177236205 37.863.679/0001-52 1 417,07 12/12/202400002622 417,07212160/24-PDD
FAILED MATCH: Alzenar Souza Da Costa 00177236205 37.863.679/0001-52 1 157,43 12/12/202400002622 157,43217307/24-PDD
FAILED MATCH: Alzenar Souza Da Costa 00177236205 37.863.679/0001-52 1 68,20 12/12/202400002622 68,204945473/24-PDD
FAILED MATCH: Ana Vitoria Sousa Silva 08719706359 44.299.324/0001-48 1 807,61 18/11/202400003822 807,61206472/23-PDD
FAILED MATCH: Ana Vitoria Sousa Silva 08719706359 44.299.324/0001-48 1 639,91 18/11/202400003822 639,91210090/24-PDD
FAILED MATCH: Ana Vitoria Sousa Silva 08719706359 44.299.324/0001-48 1 205,30 18/11/202400003822 205,30214694/24-PDD
FAILED MATCH: Ana Vitoria Sousa Silva 08719706359 44.299.324/0001-48 1 132,56 18/11/202400003822 132,56219233/24-PDD
FAILED MATCH: C H L Silva Otica Eireli 15.275.164/0001-07 1 171,89	03/04/202500000562 171,894901912/24-PDD
FAILED MATCH: 43.206.069/0012-31 1 10.578,1811/11/202400000326 10.578,18195173/23-PDD
FAILED MATCH: 43.206.069/0012-31 1 265,9111/11/202400000326 265,914901910/24-PDD
FAILED MATCH: Cepac - Centro De Patologia Padre Angelo Ltda. 11.858.218/0001-06 1 3.308,9322/10/202500003094 3.308,93274118/25-PDD
FAILED MATCH: Cepac - Centro De Patologia Padre Angelo Ltda. 11.858.218/0001-06 1 3.308,9323/10/202500003094 3.308,93269603/25-PDD
FAILED MATCH: Cleudimara Da Silva Barreto 01306540356 41.073.316/0001-90 1 1.537,61 29/08/202500002608 1.537,61248138/24-PDD
FAILED MATCH: Cleudimara Da Silva Barreto 01306540356 41.073.316/0001-90 1 1.537,61 29/08/202500002608 1.537,61252858/24-PDD
FAILED MATCH: Com Ind Matsuda Imp Exportadora Ltda 43.206.069/0012-31 1 136,29 29/08/202400000328 136,294901911/24-PDD
FAILED MATCH: Com Ind Matsuda Imp Exportadora Ltda 43.206.069/0012-31 1 298,64 11/11/202400000327 298,64195174/23-PDD
FAILED MATCH: Com Ind Matsuda Imp Exportadora Ltda 43.206.069/0012-31 1 9.934,75 11/11/202400000328 9.934,75195175/23-PDD
FAILED MATCH: D De Sousa Pereira Masterclin Estetica 29.539.080/0001-30 1 676,64 12/09/202400002436 676,64173041/23-PDD
FAILED MATCH: D De Sousa Pereira Masterclin Estetica 29.539.080/0001-30 1 676,64 12/09/202400002436 676,64176781/23-PDD
FAILED MATCH: D R Sousa Florestal Ltda 24.566.394/0001-08 1 2.134,00	30/04/202500003910 2.134,00202804/23-PDD
FAILED MATCH: D R Sousa Florestal Ltda 24.566.394/0001-08 1 2.134,00	30/04/202500003910 2.134,00206571/24-PDD
FAILED MATCH: D. A. De Siqueira Filho Construcoes Ltda 17.223.049/0001-06 1 1.990,40 06/12/202400003853 1.990,40208447/24-PDD
FAILED MATCH: D.A De Siqueira Filho Contrucoes Eireli 17.223.049/0001-06 1 168,56 05/12/202400001227 168,564915024/24-PDD
FAILED MATCH: Danillo Aislan S Lucena 33.425.889/0001-08 1 71,59	27/01/202500001190 71,594915023/24-PDD
FAILED MATCH: E F De Sousa Comercio 06.095.113/0001-02 1 2.370,13	16/02/202500001011 2.370,13211519/24-PDD
FAILED MATCH: E F De Sousa Comercio 06.095.113/0001-02 1 75,60	16/02/202500001011 75,604985163/24-PDD
FAILED MATCH: E F De Sousa Comercio 06.095.113/0001-02 1 125,99	16/02/202500001011 125,995019641/24-PDD
FAILED MATCH: Elisangela Maria Da Silva 60081169337 34.067.427/0001-29 1 1.701,46 16/05/202500002013 1.701,46203955/23-PDD
FAILED MATCH: Elisangela Maria Da Silva 60081169337 34.067.427/0001-29 1 1.701,46 16/05/202500002013 1.701,46207574/24-PDD
FAILED MATCH: F De O Araujo Comercio 26.530.831/0001-69 1 731,86	25/08/202500000913 731,86108517/21-PDD
FAILED MATCH: 47.806.942/0001-25 1 1.473,9418/09/202500004294 1.473,94270069/25-PDD
FAILED MATCH: Hospital Santa Monica Ltda 23.430.770/0001-70 1 414,60	17/09/202400000701 414,604093865-PPDD
FAILED MATCH: I L Ribeiro Cerqueira 23.034.483/0001-40 1 454,70	21/02/202400002131 454,70140605/22-PDD
FAILED MATCH: I L Ribeiro Cerqueira 23.034.483/0001-40 1 454,70	21/02/202400002131 454,70143277/22-PDD
FAILED MATCH: Jr Diniz Som E Acessorios Ltda 15.024.126/0001-73 1 36,00	19/12/202400003325 36,004915032/24-PDD
FAILED MATCH: L. Da S. Sousa Eireli - Me 23.937.632/0001-81 1 36,00	02/06/202500003083 36,00246561/24-PDD
FAILED MATCH: Mercearia Sao Domingos Ltda 26.563.257/0001-45 1 231,07	20/10/202500003063 231,07190297/23-PDD
FAILED MATCH: Nathaly Camily Barbosa Dos Santos 05682840380 38.265.354/0001-30 1 689,1526/09/202400002376 689,15209790/24-PDD
FAILED MATCH: Nathaly Camily Barbosa Dos Santos 05682840380 38.265.354/0001-30 1 689,1526/09/202400002376 689,15213854/24-PDD
FAILED MATCH: Pc M Dias Comercio 21.710.842/0001-07 1 618,79	26/06/202400001848 618,79184466/23-PDD
FAILED MATCH: Pc M Dias Comercio 21.710.842/0001-07 1 618,79	26/06/202400001848 618,79188546/23-PDD
FAILED MATCH: R P A Construtora E Incorporadora Ltda 55.113.849/0001-63 1 808,21 28/10/202400003340 808,214915033/24-PDD
FAILED MATCH: RUIDERGLAN DOS SANTOS BARROS 402.969.893-04 1 770,25	05/08/202400001299 770,25184247/23-PDD
FAILED MATCH: RUIDERGLAN DOS SANTOS BARROS 402.969.893-04 1 751,73	05/08/202400001299 751,73188328/23-PDD
FAILED MATCH: RUIDERGLAN DOS SANTOS BARROS 402.969.893-04 1 23,13	05/08/202400001299 23,13192087/23-PDD
FAILED MATCH: 54.296.938/0001-20 1 1.406,3708/09/202500004275 1.406,37237754/24-PDD
FAILED MATCH: 54.296.938/0001-20 1 1.433,9208/09/202500004275 1.433,92242577/24-PDD
FAILED MATCH: 54.296.938/0001-20 1 31,50 08/09/202500004275 31,50247101/24-PDD
FAILED MATCH: Ruth Figueira De Sousa 60272119385 19.074.753/0001-70 1 540,84 23/10/202500001043 540,84203587/23-PDD
FAILED MATCH: Ruth Figueira De Sousa 60272119385 19.074.753/0001-70 1 17,92 23/10/202500001043 17,92211528/24-PDD
FAILED MATCH: 11.053.303/0001-99 1 7.946,9311/02/202500000497 7.946,93137344/22-PDD
FAILED MATCH: 11.053.303/0001-99 1 7.946,9320/02/202500000497 7.946,93140234/22-PDD
FAILED MATCH: Studio Face 47.071.064/0001-47 1 69,43	23/10/202500003472 69,434901919/24-PDD
FAILED MATCH: Studio Face 47.071.064/0001-47 1 173,61	23/10/202500003472 173,614915034/24-PDD
FAILED MATCH: Sumare - Com Repres Ltda 01.852.549/0001-77 1 1.265,60	05/08/202400002475 1.265,60192572/23-PDD
FAILED MATCH: Sumare - Com Repres Ltda 01.852.549/0001-77 1 1.265,60	05/08/202400002475 1.265,60196162/23-PDD
FAILED MATCH: 07.057.185/0002-09 1 118,9605/08/202400003700 118,964864116-PDD
FAILED MATCH: Vanderli S. Da Costa 08.253.532/0001-42 1 481,42	16/10/202400002308 481,42205977/23-PDD
FAILED MATCH: Vanderli S. Da Costa 08.253.532/0001-42 1 1.596,69	16/10/202400002308 1.596,69209774/24-PDD
FAILED MATCH: Vanderli S. Da Costa 08.253.532/0001-42 1 170,25	16/10/202400002308 170,25213838/24-PDD
FAILED MATCH: Ybyra Consultoria Socioambiental Ltda 27.820.253/0001-68 1 1.072,36 23/09/202500003737 1.072,36206514/24-PDD
FAILED MATCH: Ybyra Consultoria Socioambiental Ltda 27.820.253/0001-68 1 1.072,36 23/09/202500003737 1.072,36210367/24-PDD
Total Matches: 6
=== IMPORT START: 2025-12-01 17:11:15 ===
File: uploads/pdd pagos PF 26-11 a 01-12.pdf
Total Text Length: 989
First 500 chars:
aNDO: CR0117CR0117Unimed Maranhao do Sul - Coop. de Trabalho Medico
aTítulo:
RELATÓRIO ANALÍTICO	Entrada: 25/11/2025 31/12/2999a
Vencimento: 01/01/1900 31/12/2999aDE CONTAS A RECEBER POR NDO
Lançamento: 01/01/1900 31/12/2999a
Recebimento: 01/01/1900 31/12/2999aPirâmide
VENC.CNPJ/CPFCLIENTE SIT. VALOR TIT. VALORTÍTULO CÓDIGO
CR-REVERSAO PERDA CREDITO PLANO PF - APOS 180 DCR0117
Ayane Dos Santos Sampaio 610.539.083-18 1 246,38	26/11/2025F0068824 246,384471731-PDD
Ayane Dos Santos Sampaio 61

Total Matches: 6
=== IMPORT START: 2025-12-03 12:17:39 ===
File: C:\Users\enzoverzaro\Documents\SPC ANTI\public/uploads/pdd pagos PF 26-11 a 01-12.pdf
Total Text Length: 989
First 500 chars:
aNDO: CR0117CR0117Unimed Maranhao do Sul - Coop. de Trabalho Medico
aTítulo:
RELATÓRIO ANALÍTICO	Entrada: 25/11/2025 31/12/2999a
Vencimento: 01/01/1900 31/12/2999aDE CONTAS A RECEBER POR NDO
Lançamento: 01/01/1900 31/12/2999a
Recebimento: 01/01/1900 31/12/2999aPirâmide
VENC.CNPJ/CPFCLIENTE SIT. VALOR TIT. VALORTÍTULO CÓDIGO
CR-REVERSAO PERDA CREDITO PLANO PF - APOS 180 DCR0117
Ayane Dos Santos Sampaio 610.539.083-18 1 246,38	26/11/2025F0068824 246,384471731-PDD
Ayane Dos Santos Sampaio 61

Total Matches: 6
=== IMPORT START: 2025-12-05 17:45:20 ===
File: uploads/pdd pagos PF e PJ.pdf
Total Text Length: 689
First 500 chars:
aNDO: CR0118CR0117Unimed Maranhao do Sul - Coop. de Trabalho Medico
aTítulo:
RELATÓRIO ANALÍTICO	Entrada: 01/12/2025 05/12/2025a
Vencimento: 01/01/1900 31/12/2999aDE CONTAS A RECEBER POR NDO
Lançamento: 01/01/1900 31/12/2999a
Recebimento: 01/01/1900 31/12/2999aPirâmide
VENC.CNPJ/CPFCLIENTE SIT. VALOR TIT. VALORTÍTULO CÓDIGO
CR-REVERSAO PERDA CREDITO PLANO PJ - APOS 180 DCR0118
Jn. Representacoes Ltda 37.846.160/0001-66 1 2.898,30	03/12/202500002412 2.898,30232832/24-PDD
Jn. Representacoes

FAILED MATCH: Jn. Representacoes Ltda 37.846.160/0001-66 1 2.898,30	03/12/202500002412 2.898,30232832/24-PDD
FAILED MATCH: Jn. Representacoes Ltda 37.846.160/0001-66 1 2.898,30	03/12/202500002412 2.898,30236877/24-PDD
Total Matches: 0
=== IMPORT START: 2025-12-10 18:48:56 ===
File: uploads/pdd pagos PF e PJ 01-12 a 10-12.pdf
Total Text Length: 1521
First 500 chars:
aNDO: CR0118CR0117Unimed Maranhao do Sul - Coop. de Trabalho Medico
aTítulo:
RELATÓRIO ANALÍTICO	Entrada: 01/12/2025 31/12/2999a
Vencimento: 01/01/1900 31/12/2999aDE CONTAS A RECEBER POR NDO
Lançamento: 01/01/1900 31/12/2999a
Recebimento: 01/01/1900 31/12/2999aPirâmide
VENC.CNPJ/CPFCLIENTE SIT. VALOR TIT. VALORTÍTULO CÓDIGO
CR-REVERSAO PERDA CREDITO PLANO PF - APOS 180 DCR0117
Amanda Leite Silva 607.201.803-33 1 296,17	02/12/2025F0067069 296,174953341-PDD
Amanda Leite Silva 607.201.803-33

FAILED MATCH: Jn. Representacoes Ltda 37.846.160/0001-66 1 2.898,30	03/12/202500002412 2.898,30232832/24-PDD
FAILED MATCH: Jn. Representacoes Ltda 37.846.160/0001-66 1 2.898,30	03/12/202500002412 2.898,30236877/24-PDD
Total Matches: 9
=== IMPORT START: 2025-12-22 13:25:04 ===
File: uploads/pdd pagos PF e PJ 10-12 a 22-12.pdf
Total Text Length: 1944
First 500 chars:
aNDO: CR0118CR0117Unimed Maranhao do Sul - Coop. de Trabalho Medico
aTítulo:
RELATÓRIO ANALÍTICO	Entrada: 10/12/2025 31/12/2999a
Vencimento: 01/01/1900 31/12/2999aDE CONTAS A RECEBER POR NDO
Lançamento: 01/01/1900 31/12/2999a
Recebimento: 01/01/1900 31/12/2999aPirâmide
VENC.CNPJ/CPFCLIENTE SIT. VALOR TIT. VALORTÍTULO CÓDIGO
CR-REVERSAO PERDA CREDITO PLANO PF - APOS 180 DCR0117
Adriano Araujo Saraiva 006.534.812-50 1 37,49	18/12/2025F0063817 37,494337219-PDD
Ana Beatriz Araujo Costa 077.77

FAILED MATCH: Ivonildo Moreira Dos Santos 442.667.745-91 1 1.547,77	17/12/2025F0041257 1.547,774525923/22-PDD
FAILED MATCH: 27.614.659/0001-94 1 1.489,7819/12/202500004357 1.489,78268299/25-PDD
FAILED MATCH: 27.614.659/0001-94 1 1.489,7819/12/202500004357 1.489,78272274/25-PDD
FAILED MATCH: 27.614.659/0001-94 1 57,86 19/12/202500004357 57,86277081/25-PDD
FAILED MATCH: F R Da Mota Construcoes 29.971.011/0001-09 1 638,96	11/12/202500003663 638,96269815/25-PDD
FAILED MATCH: F R Da Mota Construcoes 29.971.011/0001-09 1 638,96	11/12/202500003663 638,96274328/25-PDD
Total Matches: 8
